

SW1#
SW1#terminal width 511
SW1#terminal length 0
SW1#
SW1#
SW1#show version
Cisco IOS XE Software, Version 17.10.01prd7
Cisco IOS Software [Dublin], Catalyst L3 Switch Software (CAT9K_IOSXE), Version 17.10.1prd7, RELEASE SOFTWARE (fc1)
Technical Support: http://www.cisco.com/techsupport
Copyright (c) 1986-2022 by Cisco Systems, Inc.
Compiled Wed 21-Sep-22 22:33 by mcpre


Cisco IOS-XE software, Copyright (c) 2005-2022 by cisco Systems, Inc.
All rights reserved.  Certain components of Cisco IOS-XE software are
licensed under the GNU General Public License ("GPL") Version 2.0.  The
software code licensed under GPL Version 2.0 is free software that comes
with ABSOLUTELY NO WARRANTY.  You can redistribute and/or modify such
GPL code under the terms of GPL Version 2.0.  For more details, see the
documentation or "License Notice" file accompanying the IOS-XE software,
or the applicable URL provided on the flyer accompanying the IOS-XE
software.


ROM: IOS-XE ROMMON
BOOTLDR: 
SW1 up********e is 4 minutes
Up********e for this control processor is 6 minutes
System returned to ROM by unknown reload cause - reason ptr 0xF, PC 0x0,address 0x0
System image file is "bootflash:packages.conf"
Last reload reason: unknown reload cause - reason ptr 0xF, PC 0x0,address 0x0



This product contains cryptographic features and is subject to United
States and local country laws governing import, export, transfer and
use. Delivery of Cisco cryptographic products does not imply
third-party authority to import, export, distribute or use encryption.
Importers, exporters, distributors and users are responsible for
compliance with U.S. and local country laws. By using this product you
agree to comply with applicable laws and regulations. If you are unable
to comply with U.S. and local laws, return this product immediately.

A summary of U.S. laws governing Cisco cryptographic products may be found at:
http://www.cisco.com/wwl/export/crypto/tool/stqrg.html

If you require further assistance please contact us by sending email to
export@cisco.com.


Technology Package License Information: 

------------------------------------------------------------------------------
Technology-package                                     Technology-package
Current                        Type                       Next reboot  
------------------------------------------------------------------------------
network-essentials  	Smart License                 	 network-essentials  
None                	Subscription Smart License    	 None                          
AIR License Level: AIR DNA Advantage
Next reload AIR license Level: AIR DNA Advantage


Smart Licensing Status: Smart Licensing Using Policy

cisco C9KV-Q200-8P (VXE) processor (revision VXE) with 1807982K/3075K bytes of memory.
Processor board ID 9M2ST6PVKOA
1 Virtual Ethernet interface
8 Gigabit Ethernet interfaces
32768K bytes of non-volatile configuration memory.
18874368K bytes of physical memory.
5236224K bytes of virtual hard disk at bootflash:.

Base Ethernet MAC Address          : 52:54:00:1e:fe:55
Motherboard Assembly Number        : 
Motherboard Serial Number          : 
Model Revision Number              : 
Motherboard Revision Number        : 
Model Number                       : 
System Serial Number               : 9M2ST6PVKOA
CLEI Code Number                   : 
Platform board ID                  : CAT9K_VIRTUAL Q200


Switch Ports Model              SW Version        SW Image              Mode   
------ ----- -----              ----------        ----------            ----   
*    1 8     C9KV-Q200-8P       17.10.01prd7      CAT9K_IOSXE           INSTALL


Configuration register is 0x2102

SW1#
SW1#show license all
Smart Licensing Status
======================

Smart Licensing is ENABLED

Export Authorization Key:
  Features Authorized:
    <none>

Utility:
  Status: DISABLED

Smart Licensing Using Policy:
  Status: ENABLED

Account Information:
  Smart Account: <none>
  Virtual Account: <none>

Data Privacy:
  Sending Hostname: yes
    Callhome hostname privacy: DISABLED
    Smart Licensing hostname privacy: DISABLED
  Version privacy: DISABLED

Transport:
  Type: cslu
  Cslu address: <empty>
  Proxy:
    Not Configured
  VRF: <empty>

Miscellaneous:
  Custom Id: <empty>

Policy:
  Policy in use: Merged from multiple sources.
  Reporting ACK required: yes (CISCO default)
  Unenforced/Non-Export Perpetual Attributes:
    First report requirement (days): 365 (CISCO default)
    Reporting frequency (days): 0 (CISCO default)
    Report on change (days): 90 (CISCO default)
  Unenforced/Non-Export Subscription Attributes:
    First report requirement (days): 90 (CISCO default)
    Reporting frequency (days): 90 (CISCO default)
    Report on change (days): 90 (CISCO default)
  Enforced (Perpetual/Subscription) License Attributes:
    First report requirement (days): 0 (CISCO default)
    Reporting frequency (days): 0 (CISCO default)
    Report on change (days): 0 (CISCO default)
  Export (Perpetual/Subscription) License Attributes:
    First report requirement (days): 0 (CISCO default)
    Reporting frequency (days): 0 (CISCO default)
    Report on change (days): 0 (CISCO default)

Usage Reporting:
  Last ACK received: <none>
  Next ACK deadline: Sep 24 04:08:45 2023 UTC
  Reporting push interval: 30  days
  Next ACK push check: <none>
  Next report push: Apr 21 06:42:45 2024 UTC
  Last report push: <none>
  Last report file write: <none>

Trust Code Installed: <none>

License Usage
=============

network-essentials (CAT9K_VIRTUAL Network Essentials):
  Description: network-essentials
  Count: 1
  Version: 1.0
  Status: IN USE
  Export status: NOT RESTRICTED
  Feature Name: network-essentials
  Feature Description: network-essentials
  Enforcement type: NOT ENFORCED
  License type: Perpetual

Product Information
===================
UDI: PID:C9KV-Q200-8P,SN:9M2ST6PVKOA

Agent Version
=============
Smart Agent for Licensing: 5.6.7_rel/33

License Authorizations
======================
Overall status:
  Active: PID:C9KV-Q200-8P,SN:9M2ST6PVKOA
      Status: NOT INSTALLED

Purchased Licenses:
  No Purchase Information Available

Usage Report Summary:
=====================
Total: 1,  Purged: 0
Total Acknowledged Received: 0,  Waiting for Ack: 0
Available to Report: 1  Collecting Data: 1  
 
Telemetry Report Summary:
=========================
Total current telemetry reports: 1
 


SW1#
SW1#exit
